
--------------------------------------------------
TXLib сообщает:

Программа: E:\Яковлев Иван\ПРОЭКТЫ\shadow of Pripyat\bin\Debug\shadow of Pripyat.exe, файл: c:\codeblocks\codeblocks\mingw\include\txlib.h, строка: 13396, функция: bool {anonymous}::TX::txDrawText(double, double, double, double, const char*, unsigned int, HDC),

Сообщение: Параметр y0 = 940 больше, чем y1 = 650. Текст выводиться не будет.

#1: TXLib [Ver: 00173a, Rev: 171, Date: 2022-07-23 02:08:28 +0400], Instance: 0x004F32FC (32-bit), Flags: CMdRe0, Thread: 0x1D24 (Main), GetLastError(): 13 (Недопустимые данные). 

--------------------------------------------------
Стек вызовов:

# 0 0x00414F83 in E:\Яковлев Иван\ПРОЭКТЫ\shadow of Pripyat\bin\Debug\shadow of Pripyat.exe: txDrawText() at c:/codeblocks/codeblocks/mingw/include/txlib.h (13396)

# 1 0x0041CFB4 in E:\Яковлев Иван\ПРОЭКТЫ\shadow of Pripyat\bin\Debug\shadow of Pripyat.exe: main() at E:/Яковлев Иван/ПРОЭКТЫ/shadow of Pripyat/main.cpp (77):

     75:     //Область текста третьего ответа
     76:     txRectangle (1115, 940, 1455, 650);
=>   77:     txDrawText(1115, 940, 1455, 650, answer3.c_str());
     78:     txEnd();
     79: 

--------------------------------------------------
Developed with:

The Dumb Artist Library (TX Library)
TXLib [Ver: 00173a, Rev: 171, Date: 2022-07-23 02:08:28 +0400]
Copyright (C) Ded (Ilya Dedinsky, http://txlib.ru) <mail@txlib.ru>
See license on: http://txlib.ru

TXLib file:	c:\codeblocks\codeblocks\mingw\include\txlib.h
Compiled:	May 17 2024 17:06:52, GNU g++ 4.8.1, std=201103L, MinGW Runtime 3.20, 32-bit, Debug
Started:	May 17 2024 17:07:12

Run file:	E:\Яковлев Иван\ПРОЭКТЫ\shadow of Pripyat\bin\Debug\shadow of Pripyat.exe
Directory:	E:\Яковлев Иван\ПРОЭКТЫ\shadow of Pripyat

--------------------------------------------------

--------------------------------------------------
TXLib сообщает:

Программа: E:\Яковлев Иван\ПРОЭКТЫ\shadow of Pripyat\bin\Debug\shadow of Pripyat.exe, файл: c:\codeblocks\codeblocks\mingw\include\txlib.h, строка: 13396, функция: bool {anonymous}::TX::txDrawText(double, double, double, double, const char*, unsigned int, HDC),

Сообщение: Параметр y0 = 940 больше, чем y1 = 655. Текст выводиться не будет.

#1: TXLib [Ver: 00173a, Rev: 171, Date: 2022-07-23 02:08:28 +0400], Instance: 0x004F32FC (32-bit), Flags: CMdRe0, Thread: 0x1DA4 (Main), GetLastError(): 13 (Недопустимые данные). 

--------------------------------------------------
Стек вызовов:

# 0 0x00414F83 in E:\Яковлев Иван\ПРОЭКТЫ\shadow of Pripyat\bin\Debug\shadow of Pripyat.exe: txDrawText() at c:/codeblocks/codeblocks/mingw/include/txlib.h (13396)

# 1 0x0041CFB4 in E:\Яковлев Иван\ПРОЭКТЫ\shadow of Pripyat\bin\Debug\shadow of Pripyat.exe: main() at E:/Яковлев Иван/ПРОЭКТЫ/shadow of Pripyat/main.cpp (77):

     75:     //Область текста третьего ответа
     76:     txRectangle (1115, 940, 1455, 655);
=>   77:     txDrawText(1115, 940, 1455, 655, answer3.c_str());
     78:     txEnd();
     79: 

--------------------------------------------------
Developed with:

The Dumb Artist Library (TX Library)
TXLib [Ver: 00173a, Rev: 171, Date: 2022-07-23 02:08:28 +0400]
Copyright (C) Ded (Ilya Dedinsky, http://txlib.ru) <mail@txlib.ru>
See license on: http://txlib.ru

TXLib file:	c:\codeblocks\codeblocks\mingw\include\txlib.h
Compiled:	May 17 2024 17:08:11, GNU g++ 4.8.1, std=201103L, MinGW Runtime 3.20, 32-bit, Debug
Started:	May 17 2024 17:08:32

Run file:	E:\Яковлев Иван\ПРОЭКТЫ\shadow of Pripyat\bin\Debug\shadow of Pripyat.exe
Directory:	E:\Яковлев Иван\ПРОЭКТЫ\shadow of Pripyat

--------------------------------------------------

--------------------------------------------------
TXLib сообщает:

Программа: E:\Яковлев Иван\ПРОЭКТЫ\shadow of Pripyat\bin\Debug\shadow of Pripyat.exe, файл: c:\codeblocks\codeblocks\mingw\include\txlib.h, строка: 13396, функция: bool {anonymous}::TX::txDrawText(double, double, double, double, const char*, unsigned int, HDC),

Сообщение: Параметр y0 = 940 больше, чем y1 = 660. Текст выводиться не будет.

#1: TXLib [Ver: 00173a, Rev: 171, Date: 2022-07-23 02:08:28 +0400], Instance: 0x004F32FC (32-bit), Flags: CMdRe0, Thread: 0x2304 (Main), GetLastError(): 13 (Недопустимые данные). 

--------------------------------------------------
Стек вызовов:

# 0 0x00414F83 in E:\Яковлев Иван\ПРОЭКТЫ\shadow of Pripyat\bin\Debug\shadow of Pripyat.exe: txDrawText() at c:/codeblocks/codeblocks/mingw/include/txlib.h (13396)

# 1 0x0041CFB4 in E:\Яковлев Иван\ПРОЭКТЫ\shadow of Pripyat\bin\Debug\shadow of Pripyat.exe: main() at E:/Яковлев Иван/ПРОЭКТЫ/shadow of Pripyat/main.cpp (77):

     75:     //Область текста третьего ответа
     76:     txRectangle (1115, 940, 1455, 660);
=>   77:     txDrawText(1115, 940, 1455, 660, answer3.c_str());
     78:     txEnd();
     79: 

--------------------------------------------------
Developed with:

The Dumb Artist Library (TX Library)
TXLib [Ver: 00173a, Rev: 171, Date: 2022-07-23 02:08:28 +0400]
Copyright (C) Ded (Ilya Dedinsky, http://txlib.ru) <mail@txlib.ru>
See license on: http://txlib.ru

TXLib file:	c:\codeblocks\codeblocks\mingw\include\txlib.h
Compiled:	May 17 2024 17:11:55, GNU g++ 4.8.1, std=201103L, MinGW Runtime 3.20, 32-bit, Debug
Started:	May 17 2024 17:12:16

Run file:	E:\Яковлев Иван\ПРОЭКТЫ\shadow of Pripyat\bin\Debug\shadow of Pripyat.exe
Directory:	E:\Яковлев Иван\ПРОЭКТЫ\shadow of Pripyat

--------------------------------------------------

--------------------------------------------------
TXLib сообщает:

Программа: E:\Яковлев Иван\ПРОЭКТЫ\shadow of Pripyat\bin\Debug\shadow of Pripyat.exe, файл: c:\codeblocks\codeblocks\mingw\include\txlib.h, строка: 13396, функция: bool {anonymous}::TX::txDrawText(double, double, double, double, const char*, unsigned int, HDC),

Сообщение: Параметр y0 = 940 больше, чем y1 = 660. Текст выводиться не будет.

#1: TXLib [Ver: 00173a, Rev: 171, Date: 2022-07-23 02:08:28 +0400], Instance: 0x004F32FC (32-bit), Flags: CMdRe0, Thread: 0xF04 (Main), GetLastError(): 13 (Недопустимые данные). 

--------------------------------------------------
Стек вызовов:

# 0 0x00414F83 in E:\Яковлев Иван\ПРОЭКТЫ\shadow of Pripyat\bin\Debug\shadow of Pripyat.exe: txDrawText() at c:/codeblocks/codeblocks/mingw/include/txlib.h (13396)

# 1 0x0041CFB4 in E:\Яковлев Иван\ПРОЭКТЫ\shadow of Pripyat\bin\Debug\shadow of Pripyat.exe: main() at E:/Яковлев Иван/ПРОЭКТЫ/shadow of Pripyat/main.cpp (77):

     75:     //Область текста третьего ответа
     76:     txRectangle (1115, 940, 1450, 660);
=>   77:     txDrawText(1115, 940, 1450, 660, answer3.c_str());
     78:     txEnd();
     79: 

--------------------------------------------------
Developed with:

The Dumb Artist Library (TX Library)
TXLib [Ver: 00173a, Rev: 171, Date: 2022-07-23 02:08:28 +0400]
Copyright (C) Ded (Ilya Dedinsky, http://txlib.ru) <mail@txlib.ru>
See license on: http://txlib.ru

TXLib file:	c:\codeblocks\codeblocks\mingw\include\txlib.h
Compiled:	May 17 2024 17:12:42, GNU g++ 4.8.1, std=201103L, MinGW Runtime 3.20, 32-bit, Debug
Started:	May 17 2024 17:13:02

Run file:	E:\Яковлев Иван\ПРОЭКТЫ\shadow of Pripyat\bin\Debug\shadow of Pripyat.exe
Directory:	E:\Яковлев Иван\ПРОЭКТЫ\shadow of Pripyat

--------------------------------------------------
